/home/aih/shrey.parikh/miniconda3/envs/scarches/lib/python3.10/site-packages/anndata/utils.py:429: FutureWarning: Importing read_csv from `anndata` is deprecated. Import anndata.io.read_csv instead.
  warnings.warn(msg, FutureWarning)
/home/aih/shrey.parikh/miniconda3/envs/scarches/lib/python3.10/site-packages/anndata/utils.py:429: FutureWarning: Importing read_text from `anndata` is deprecated. Import anndata.io.read_text instead.
  warnings.warn(msg, FutureWarning)
/home/aih/shrey.parikh/miniconda3/envs/scarches/lib/python3.10/site-packages/anndata/utils.py:429: FutureWarning: Importing read_excel from `anndata` is deprecated. Import anndata.io.read_excel instead.
  warnings.warn(msg, FutureWarning)
/home/aih/shrey.parikh/miniconda3/envs/scarches/lib/python3.10/site-packages/anndata/utils.py:429: FutureWarning: Importing read_mtx from `anndata` is deprecated. Import anndata.io.read_mtx instead.
  warnings.warn(msg, FutureWarning)
/home/aih/shrey.parikh/miniconda3/envs/scarches/lib/python3.10/site-packages/anndata/utils.py:429: FutureWarning: Importing read_loom from `anndata` is deprecated. Import anndata.io.read_loom instead.
  warnings.warn(msg, FutureWarning)
/home/aih/shrey.parikh/miniconda3/envs/scarches/lib/python3.10/site-packages/anndata/utils.py:429: FutureWarning: Importing read_hdf from `anndata` is deprecated. Import anndata.io.read_hdf instead.
  warnings.warn(msg, FutureWarning)
/home/aih/shrey.parikh/miniconda3/envs/scarches/lib/python3.10/site-packages/anndata/utils.py:429: FutureWarning: Importing read_umi_tools from `anndata` is deprecated. Import anndata.io.read_umi_tools instead.
  warnings.warn(msg, FutureWarning)
/home/aih/shrey.parikh/miniconda3/envs/scarches/lib/python3.10/site-packages/docrep/decorators.py:43: SyntaxWarning: 'param_categorical_covariate_keys' is not a valid key!
  doc = func(self, args[0].__doc__, *args[1:], **kwargs)
/home/aih/shrey.parikh/miniconda3/envs/scarches/lib/python3.10/site-packages/docrep/decorators.py:43: SyntaxWarning: 'param_continuous_covariate_keys' is not a valid key!
  doc = func(self, args[0].__doc__, *args[1:], **kwargs)
GPU available: False, used: False
TPU available: False, using: 0 TPU cores
IPU available: False, using: 0 IPUs
HPU available: False, using: 0 HPUs
SLURM auto-requeueing enabled. Setting signal handlers.
`Trainer.fit` stopped: `max_epochs=200` reached.
